WARNING at the command-line "--args":1:368: Build argument has no effect.
ohos_build_compiler_specified="gcc" product_path="/home/dragon/openharmony/1.1.3/vendor/hisilicon/hispark_pegasus" device_path="/home/dragon/openharmony/1.1.3/device/hisilicon/hispark_pegasus/sdk_liteos" ohos_kernel_type="liteos_m" disable_huks_binary = false disable_authenticate = false ohos_build_type="release" ohos_build_time="1704046279571" ohos_build_datetime="2024-01-01 10:11:19" ohos_full_compile=true
                                                                                                                                                                                                                                                                                                                                                                               ^--------------------
The variable "ohos_build_datetime" was set as a build argument
but never appeared in a declare_args() block in any buildfile.

To view all possible args, run "gn args --list <out_dir>"

The build continued as if that argument was unspecified.

Done. Made 74 targets from 65 files in 449ms
ninja: Entering directory `/home/dragon/openharmony/1.1.3/out/hispark_pegasus/wifiiot_hispark_pegasus'
[1/213] gcc cross compiler obj/base/hiviewdfx/hilog_lite/frameworks/mini/libhilog_lite.hiview_log_limit.o
[2/213] gcc cross compiler obj/applications/sample/wifi-iot/app/distance/libdistance.thread.o
../../../applications/sample/wifi-iot/app/distance/thread.c: In function 'newThread':
../../../applications/sample/wifi-iot/app/distance/thread.c:18:9: warning: unused variable 'argv' [-Wunused-variable]
     int argv = *(int *)arg;
         ^~~~
[3/213] gcc cross compiler obj/base/hiviewdfx/hilog_lite/frameworks/mini/libhilog_lite.hiview_log.o
[4/213] gcc cross compiler obj/applications/sample/wifi-iot/app/distance/libdistance.main.o
../../../applications/sample/wifi-iot/app/distance/main.c: In function 'mainTask':
../../../applications/sample/wifi-iot/app/distance/main.c:32:9: warning: unused variable 'netId' [-Wunused-variable]
     int netId = ConnectToHotspot(&config);
         ^~~~~
[5/213] gcc cross compiler obj/base/hiviewdfx/hilog_lite/frameworks/mini/libhilog_lite.hiview_output_log.o
[6/213] gcc cross compiler obj/applications/sample/wifi-iot/app/distance/libdistance.distance.o
../../../applications/sample/wifi-iot/app/distance/distance.c:29:6: warning: function declaration isn't a prototype [-Wstrict-prototypes]
 void flashLED()
      ^~~~~~~~
../../../applications/sample/wifi-iot/app/distance/distance.c:46:6: warning: function declaration isn't a prototype [-Wstrict-prototypes]
 void sendDistanceRequest()
      ^~~~~~~~~~~~~~~~~~~
[7/213] gcc cross compiler obj/applications/sample/wifi-iot/app/distance/libdistance.wifi_connecter.o
[8/213] gcc cross compiler obj/base/hiviewdfx/hievent_lite/frameworks/libhievent_lite.hiview_event.o
[9/213] AR libs/libdistance.a
[10/213] STAMP obj/applications/sample/wifi-iot/app/app.stamp
[11/213] gcc cross compiler obj/base/hiviewdfx/hievent_lite/frameworks/libhievent_lite.hiview_output_event.o
[12/213] gcc cross compiler obj/base/hiviewdfx/hiview_lite/libhiview_lite.hiview_cache.o
[13/213] gcc cross compiler obj/base/hiviewdfx/hiview_lite/libhiview_lite.hiview_util.o
[14/213] gcc cross compiler obj/base/hiviewdfx/hiview_lite/libhiview_lite.hiview_config.o
[15/213] gcc cross compiler obj/base/hiviewdfx/hilog_lite/command/libhilog_lite_command.hilog_lite_command.o
[16/213] AR libs/libhilog_lite_command.a
[17/213] gcc cross compiler obj/base/hiviewdfx/hiview_lite/libhiview_lite.hiview_service.o
[18/213] gcc cross compiler obj/base/security/deviceauth/frameworks/deviceauth_lite/source/auth_info/libhichainsdk.auth_info.o
[19/213] gcc cross compiler obj/base/security/deviceauth/frameworks/deviceauth_lite/source/auth_info/libhichainsdk.add_auth_info_client.o
[20/213] gcc cross compiler obj/base/security/deviceauth/frameworks/deviceauth_lite/source/auth_info/libhichainsdk.add_auth_info.o
[21/213] gcc cross compiler obj/base/hiviewdfx/hiview_lite/libhiview_lite.hiview_file.o
[22/213] gcc cross compiler obj/base/security/deviceauth/frameworks/deviceauth_lite/source/auth_info/libhichainsdk.exchange_auth_info.o
[23/213] AR libs/libhiview_lite.a
[24/213] AR libs/libhievent_lite.a
[25/213] gcc cross compiler obj/base/update/ota_lite/frameworks/source/verify/libhota.app_sha256.o
[26/213] AR libs/libhilog_lite.a
[27/213] gcc cross compiler obj/base/startup/bootstrap_lite/services/source/libbootstrap.bootstrap_service.o
[28/213] gcc cross compiler obj/base/startup/syspara_lite/frameworks/token/src/token_impl_hal/libtoken_static.token.o
[29/213] STAMP obj/base/hiviewdfx/hilog_lite/frameworks/mini/hilog_lite_ndk.stamp
[30/213] gcc cross compiler obj/base/update/ota_lite/frameworks/source/verify/libhota.hota_verify.o
In file included from ../../../base/update/ota_lite/frameworks/source/verify/hota_verify.c:21:0:
../../../base/update/ota_lite/hals/hal_hota_board.h:111:1: warning: function declaration isn't a prototype [-Wstrict-prototypes]
 const ComponentTableInfo *HotaHalGetPartitionInfo();
 ^~~~~
[31/213] gcc cross compiler obj/base/startup/bootstrap_lite/services/source/libbootstrap.system_init.o
[32/213] AR libs/libbootstrap.a
[33/213] gcc cross compiler obj/base/security/deviceauth/frameworks/deviceauth_lite/source/auth_info/libhichainsdk.exchange_auth_info_client.o
[34/213] gcc cross compiler obj/base/startup/syspara_lite/frameworks/parameter/src/param_impl_hal/libsysparam.param_impl_hal.o
[35/213] gcc cross compiler obj/base/security/deviceauth/frameworks/deviceauth_lite/source/auth_info/libhichainsdk.remove_auth_info_client.o
[36/213] gcc cross compiler obj/base/startup/syspara_lite/frameworks/parameter/src/libsysparam.parameter_common.o
../../../base/startup/syspara_lite/frameworks/parameter/src/parameter_common.c: In function 'GetSecurityPatchTag':
../../../base/startup/syspara_lite/frameworks/parameter/src/parameter_common.c:133:12: warning: return discards 'const' qualifier from pointer target type [-Wdiscarded-qualifiers]
     return OHOS_SECURITY_PATCH_TAG;
            ^~~~~~~~~~~~~~~~~~~~~~~
[37/213] gcc cross compiler obj/base/security/deviceauth/frameworks/deviceauth_lite/source/key_agreement/libhichainsdk.key_agreement.o
[38/213] gcc cross compiler obj/base/security/deviceauth/frameworks/deviceauth_lite/source/json/libhichainsdk.commonutil.o
[39/213] gcc cross compiler obj/base/security/deviceauth/frameworks/deviceauth_lite/source/json/libhichainsdk.jsonutil.o
[40/213] gcc cross compiler obj/base/security/deviceauth/frameworks/deviceauth_lite/source/key_agreement/libhichainsdk.key_agreement_server.o
[41/213] gcc cross compiler obj/base/security/deviceauth/frameworks/deviceauth_lite/source/key_agreement/libhichainsdk.key_agreement_client.o
[42/213] gcc cross compiler obj/base/security/deviceauth/frameworks/deviceauth_lite/source/key_agreement/libhichainsdk.sec_clone_server.o
[43/213] gcc cross compiler obj/base/security/deviceauth/frameworks/deviceauth_lite/source/key_agreement/libhichainsdk.sts_client.o
[44/213] gcc cross compiler obj/base/security/deviceauth/frameworks/deviceauth_lite/source/libhichainsdk.hichain.o
[45/213] gcc cross compiler obj/base/security/deviceauth/frameworks/deviceauth_lite/source/key_agreement/libhichainsdk.pake_server.o
[46/213] gcc cross compiler obj/base/security/deviceauth/frameworks/deviceauth_lite/source/key_agreement/libhichainsdk.pake_client.o
[47/213] gcc cross compiler obj/base/security/deviceauth/frameworks/deviceauth_lite/source/log/libhichainsdk.log.o
[48/213] gcc cross compiler obj/base/security/deviceauth/frameworks/deviceauth_lite/source/struct/libhichainsdk.add_auth_info_request.o
[49/213] gcc cross compiler obj/base/security/deviceauth/frameworks/deviceauth_lite/source/struct/libhichainsdk.add_auth_info_data.o
[50/213] gcc cross compiler obj/base/security/deviceauth/frameworks/deviceauth_lite/source/huks_adapter/libhichainsdk.huks_adapter.o
[51/213] gcc cross compiler obj/base/security/deviceauth/frameworks/deviceauth_lite/source/struct/libhichainsdk.add_auth_info_response.o
[52/213] gcc cross compiler obj/base/security/deviceauth/frameworks/deviceauth_lite/source/key_agreement/libhichainsdk.sts_server.o
[53/213] gcc cross compiler obj/base/security/deviceauth/frameworks/deviceauth_lite/source/schedule/libhichainsdk.distribution.o
[54/213] gcc cross compiler obj/base/security/deviceauth/frameworks/deviceauth_lite/source/schedule/libhichainsdk.build_object.o
[55/213] gcc cross compiler obj/base/security/deviceauth/frameworks/deviceauth_lite/source/struct/libhichainsdk.auth_ack_request.o
[56/213] gcc cross compiler obj/base/security/deviceauth/frameworks/deviceauth_lite/source/struct/libhichainsdk.auth_start_response.o
[57/213] gcc cross compiler obj/base/security/deviceauth/frameworks/deviceauth_lite/source/struct/libhichainsdk.auth_ack_response.o
[58/213] gcc cross compiler obj/base/security/deviceauth/frameworks/deviceauth_lite/source/struct/libhichainsdk.auth_start_request.o
[59/213] gcc cross compiler obj/base/security/deviceauth/frameworks/deviceauth_lite/source/struct/libhichainsdk.inform_message.o
[60/213] gcc cross compiler obj/base/security/deviceauth/frameworks/deviceauth_lite/source/struct/libhichainsdk.exchange_auth_data.o
[61/213] gcc cross compiler obj/base/security/deviceauth/frameworks/deviceauth_lite/source/struct/libhichainsdk.exchange_request.o
[62/213] gcc cross compiler obj/base/security/deviceauth/frameworks/deviceauth_lite/source/struct/libhichainsdk.pake_client_confirm.o
[63/213] gcc cross compiler obj/base/security/deviceauth/frameworks/deviceauth_lite/source/struct/libhichainsdk.import_add_auth_data.o
[64/213] gcc cross compiler obj/base/security/deviceauth/frameworks/deviceauth_lite/source/struct/libhichainsdk.exchange_response.o
[65/213] gcc cross compiler obj/base/security/deviceauth/frameworks/deviceauth_lite/source/struct/libhichainsdk.key_agreement_version.o
[66/213] gcc cross compiler obj/base/security/deviceauth/frameworks/deviceauth_lite/source/struct/libhichainsdk.pake_request.o
[67/213] gcc cross compiler obj/base/security/deviceauth/frameworks/deviceauth_lite/source/struct/libhichainsdk.pake_response.o
[68/213] gcc cross compiler obj/base/security/deviceauth/frameworks/deviceauth_lite/source/struct/libhichainsdk.pake_server_confirm.o
[69/213] gcc cross compiler obj/base/security/deviceauth/frameworks/deviceauth_lite/source/struct/libhichainsdk.rmv_auth_info_data.o
[70/213] gcc cross compiler obj/base/security/deviceauth/frameworks/deviceauth_lite/source/struct/libhichainsdk.rmv_auth_info_response.o
[71/213] STAMP obj/base/security/huks/frameworks/huks_lite/huks_sdk.stamp
[72/213] gcc cross compiler obj/base/security/deviceauth/frameworks/deviceauth_lite/source/struct/libhichainsdk.parsedata.o
[73/213] STAMP obj/base/startup/syspara_lite/frameworks/token/token_notes.stamp
[74/213] gcc cross compiler obj/base/security/deviceauth/frameworks/deviceauth_lite/source/struct/libhichainsdk.rmv_auth_info_request.o
[75/213] STAMP obj/base/update/ota_lite/frameworks/test.stamp
[76/213] STAMP obj/base/update/ota_lite/frameworks/update_api.stamp
[77/213] STAMP obj/build/lite/ndk.stamp
[78/213] gcc cross compiler obj/foundation/communication/softbus_lite/discovery/discovery_service/source/libdiscovery.coap_service.o
[79/213] STAMP obj/build/lite/config/component/cJSON/cjson_shared.stamp
[80/213] gcc cross compiler obj/base/security/deviceauth/frameworks/deviceauth_lite/source/struct/libhichainsdk.sec_clone_data.o
[81/213] gcc cross compiler obj/base/update/ota_lite/frameworks/source/verify/libhota.app_rsa.o
[82/213] AR libs/libhichainsdk.a
[83/213] gcc cross compiler obj/foundation/communication/softbus_lite/discovery/discovery_service/source/libdiscovery.common_info_manager.o
[84/213] STAMP obj/base/security/deviceauth/frameworks/deviceauth_lite/hichainsdk.stamp
[85/213] gcc cross compiler obj/device/hisilicon/hispark_pegasus/hi3861_adapter/hals/communication/wifi_lite/wifiaware/source/libhal_wifiaware.hal_wifiaware.o
[86/213] gcc cross compiler obj/device/hisilicon/hispark_pegasus/hi3861_adapter/hals/iot_hardware/wifiiot_lite/libhal_iothardware.hal_iot_i2c.o
../../../device/hisilicon/hispark_pegasus/hi3861_adapter/hals/iot_hardware/wifiiot_lite/hal_iot_i2c.c: In function 'IoTI2cWrite':
../../../device/hisilicon/hispark_pegasus/hi3861_adapter/hals/iot_hardware/wifiiot_lite/hal_iot_i2c.c:25:22: warning: assignment discards 'const' qualifier from pointer target type [-Wdiscarded-qualifiers]
     i2cData.send_buf = data;
                      ^
[87/213] AR libs/libhal_wifiaware.a
[88/213] gcc cross compiler obj/device/hisilicon/hispark_pegasus/hi3861_adapter/hals/iot_hardware/wifiiot_lite/libhal_iothardware.hal_iot_watchdog.o
[89/213] STAMP obj/device/hisilicon/hispark_pegasus/hispark_pegasus.stamp
[90/213] gcc cross compiler obj/device/hisilicon/hispark_pegasus/hi3861_adapter/hals/iot_hardware/wifiiot_lite/libhal_iothardware.hal_iot_uart.o
[91/213] gcc cross compiler obj/device/hisilicon/hispark_pegasus/hi3861_adapter/hals/iot_hardware/wifiiot_lite/libhal_iothardware.hal_iot_pwm.o
[92/213] gcc cross compiler obj/device/hisilicon/hispark_pegasus/hi3861_adapter/hals/iot_hardware/wifiiot_lite/libhal_iothardware.hal_iot_flash.o
[93/213] gcc cross compiler obj/device/hisilicon/hispark_pegasus/hi3861_adapter/hals/communication/wifi_lite/wifiservice/source/libwifiservice.wifi_device_util.o
[94/213] gcc cross compiler obj/device/hisilicon/hispark_pegasus/hi3861_adapter/hals/iot_hardware/wifiiot_lite/libhal_iothardware.hal_iot_gpio.o
[95/213] gcc cross compiler obj/base/update/ota_lite/frameworks/source/updater/libhota.hota_updater.o
In file included from ../../../base/update/ota_lite/frameworks/source/updater/hota_updater.c:23:0:
../../../base/update/ota_lite/hals/hal_hota_board.h:111:1: warning: function declaration isn't a prototype [-Wstrict-prototypes]
 const ComponentTableInfo *HotaHalGetPartitionInfo();
 ^~~~~
../../../base/update/ota_lite/frameworks/source/updater/hota_updater.c: In function 'GetCurrentDloadCompPartition':
../../../base/update/ota_lite/frameworks/source/updater/hota_updater.c:433:21: warning: pointer targets in passing argument 1 of 'strncmp' differ in signedness [-Wpointer-sign]
         if (strncmp((unsigned char *)(g_otaComponents[i].componentName),
                     ^
In file included from ../../../third_party/bounds_checking_function/include/securectype.h:301:0,
                 from ../../../third_party/bounds_checking_function/include/securec.h:21,
                 from ../../../base/update/ota_lite/frameworks/source/updater/hota_updater.c:21:
../../../device/hisilicon/hispark_pegasus/sdk_liteos/platform/os/Huawei_LiteOS/components/lib/libc/musl/include/string.h:280:5: note: expected 'const char *' but argument is of type 'unsigned char *'
 int strncmp (const char *, const char *, size_t);
     ^~~~~~~
../../../base/update/ota_lite/frameworks/source/updater/hota_updater.c:434:13: warning: pointer targets in passing argument 2 of 'strncmp' differ in signedness [-Wpointer-sign]
             g_componentInfos.table[g_currentDloadComp.index - 1].addr,
             ^~~~~~~~~~~~~~~~
In file included from ../../../third_party/bounds_checking_function/include/securectype.h:301:0,
                 from ../../../third_party/bounds_checking_function/include/securec.h:21,
                 from ../../../base/update/ota_lite/frameworks/source/updater/hota_updater.c:21:
../../../device/hisilicon/hispark_pegasus/sdk_liteos/platform/os/Huawei_LiteOS/components/lib/libc/musl/include/string.h:280:5: note: expected 'const char *' but argument is of type 'unsigned char *'
 int strncmp (const char *, const char *, size_t);
     ^~~~~~~
../../../base/update/ota_lite/frameworks/source/updater/hota_updater.c: In function 'HotaInit':
../../../base/update/ota_lite/frameworks/source/updater/hota_updater.c:583:21: warning: assignment discards 'const' qualifier from pointer target type [-Wdiscarded-qualifiers]
     g_otaComponents = HotaHalGetPartitionInfo();
                     ^
[96/213] gcc cross compiler obj/device/hisilicon/hispark_pegasus/hi3861_adapter/hals/communication/wifi_lite/wifiservice/source/libwifiservice.wifi_hotspot.o
../../../device/hisilicon/hispark_pegasus/hi3861_adapter/hals/communication/wifi_lite/wifiservice/source/wifi_hotspot.c: In function 'GetPeerSTAWifiIp':
../../../device/hisilicon/hispark_pegasus/hi3861_adapter/hals/communication/wifi_lite/wifiservice/source/wifi_hotspot.c:236:52: warning: passing argument 2 of 'netifapi_dhcps_get_client_ip' discards 'const' qualifier from pointer target type [-Wdiscarded-qualifiers]
     ret = netifapi_dhcps_get_client_ip(netif_node, macAddress, macLen, &clientIP);
                                                    ^~~~~~~~~~
In file included from ../../../device/hisilicon/hispark_pegasus/hi3861_adapter/hals/communication/wifi_lite/wifiservice/source/wifi_hotspot.c:19:0:
../../../device/hisilicon/hispark_pegasus/sdk_liteos/third_party/lwip_sack/include/lwip/netifapi.h:1155:7: note: expected 'u8_t * {aka unsigned char *}' but argument is of type 'const unsigned char *'
 err_t netifapi_dhcps_get_client_ip(struct netif *netif, u8_t *mac, u8_t maclen, ip_addr_t *ip);
       ^~~~~~~~~~~~~~~~~~~~~~~~~~~~
../../../device/hisilicon/hispark_pegasus/hi3861_adapter/hals/communication/wifi_lite/wifiservice/source/wifi_hotspot.c:236:72: warning: passing argument 4 of 'netifapi_dhcps_get_client_ip' from incompatible pointer type [-Wincompatible-pointer-types]
     ret = netifapi_dhcps_get_client_ip(netif_node, macAddress, macLen, &clientIP);
                                                                        ^
In file included from ../../../device/hisilicon/hispark_pegasus/hi3861_adapter/hals/communication/wifi_lite/wifiservice/source/wifi_hotspot.c:19:0:
../../../device/hisilicon/hispark_pegasus/sdk_liteos/third_party/lwip_sack/include/lwip/netifapi.h:1155:7: note: expected 'ip_addr_t * {aka struct ip_addr *}' but argument is of type 'ip4_addr_t * {aka struct ip4_addr *}'
 err_t netifapi_dhcps_get_client_ip(struct netif *netif, u8_t *mac, u8_t maclen, ip_addr_t *ip);
       ^~~~~~~~~~~~~~~~~~~~~~~~~~~~
[97/213] STAMP obj/domains/iot/link/link.stamp
[98/213] gcc cross compiler obj/device/hisilicon/hispark_pegasus/hi3861_adapter/hals/iot_hardware/wifiiot_lite/libhal_iothardware.hal_lowpower.o
[99/213] STAMP obj/domains/iot/link/iot.stamp
[100/213] gcc cross compiler obj/device/hisilicon/hispark_pegasus/hi3861_adapter/hals/iot_hardware/wifiiot_lite/libhal_iothardware.hal_reset.o
[101/213] AR libs/libhal_iothardware.a
[102/213] STAMP obj/base/iot_hardware/peripheral/iothardware.stamp
[103/213] STAMP obj/base/iot_hardware/peripheral/iothardware_ndk.stamp
[104/213] gcc cross compiler obj/device/hisilicon/hispark_pegasus/hi3861_adapter/hals/update/libhal_update_static.hal_hota_board.o
In file included from ../../../device/hisilicon/hispark_pegasus/hi3861_adapter/hals/update/hal_hota_board.c:16:0:
../../../base/update/ota_lite/hals/hal_hota_board.h:111:1: warning: function declaration isn't a prototype [-Wstrict-prototypes]
 const ComponentTableInfo *HotaHalGetPartitionInfo();
 ^~~~~
../../../device/hisilicon/hispark_pegasus/hi3861_adapter/hals/update/hal_hota_board.c:148:27: warning: function declaration isn't a prototype [-Wstrict-prototypes]
 const ComponentTableInfo *HotaHalGetPartitionInfo()
                           ^~~~~~~~~~~~~~~~~~~~~~~
../../../device/hisilicon/hispark_pegasus/hi3861_adapter/hals/update/hal_hota_board.c: In function 'HotaHalGetOtaPkgPath':
../../../device/hisilicon/hispark_pegasus/hi3861_adapter/hals/update/hal_hota_board.c:172:15: warning: implicit declaration of function 'strcpy_s' [-Wimplicit-function-declaration]
     int ret = strcpy_s(path, len ,"/sdcard");
               ^~~~~~~~
../../../device/hisilicon/hispark_pegasus/hi3861_adapter/hals/update/hal_hota_board.c: In function 'HotaHalGetMetaData':
../../../device/hisilicon/hispark_pegasus/hi3861_adapter/hals/update/hal_hota_board.c:184:40: warning: unused parameter 'metaData' [-Wunused-parameter]
 int HotaHalGetMetaData(UpdateMetaData *metaData)
                                        ^~~~~~~~
../../../device/hisilicon/hispark_pegasus/hi3861_adapter/hals/update/hal_hota_board.c: In function 'HotaHalSetMetaData':
../../../device/hisilicon/hispark_pegasus/hi3861_adapter/hals/update/hal_hota_board.c:189:40: warning: unused parameter 'metaData' [-Wunused-parameter]
 int HotaHalSetMetaData(UpdateMetaData *metaData)
                                        ^~~~~~~~
[105/213] gcc cross compiler obj/device/hisilicon/hispark_pegasus/hi3861_adapter/hals/utils/file/src/libhal_file_static.hal_file.o
[106/213] AR libs/libhal_file_static.a
[107/213] AR libs/libhal_update_static.a
[108/213] gcc cross compiler obj/third_party/cJSON/libcjson_static.cJSON_Utils.o
[109/213] gcc cross compiler obj/device/hisilicon/hispark_pegasus/hi3861_adapter/kal/posix/src/libposix.file.o
[110/213] gcc cross compiler obj/device/hisilicon/hispark_pegasus/hi3861_adapter/kal/cmsis/libcmsis.cmsis_liteos.o
[111/213] gcc cross compiler obj/device/hisilicon/hispark_pegasus/hi3861_adapter/hals/communication/wifi_lite/wifiservice/source/libwifiservice.wifi_device.o
../../../device/hisilicon/hispark_pegasus/hi3861_adapter/hals/communication/wifi_lite/wifiservice/source/wifi_device.c:41:5: warning: braces around scalar initializer
     {0}, {0}, {0}, 0, WIFI_CONFIG_INVALID, 0, 0, UNKNOWN, {0, 0, {0, 0}, 0}
     ^
../../../device/hisilicon/hispark_pegasus/hi3861_adapter/hals/communication/wifi_lite/wifiservice/source/wifi_device.c:41:5: note: (near initialization for 'g_wifiConfigs[3].ssid[5]')
../../../device/hisilicon/hispark_pegasus/hi3861_adapter/hals/communication/wifi_lite/wifiservice/source/wifi_device.c:41:63: warning: excess elements in scalar initializer
     {0}, {0}, {0}, 0, WIFI_CONFIG_INVALID, 0, 0, UNKNOWN, {0, 0, {0, 0}, 0}
                                                               ^
../../../device/hisilicon/hispark_pegasus/hi3861_adapter/hals/communication/wifi_lite/wifiservice/source/wifi_device.c:41:63: note: (near initialization for 'g_wifiConfigs[3].ssid[5]')
../../../device/hisilicon/hispark_pegasus/hi3861_adapter/hals/communication/wifi_lite/wifiservice/source/wifi_device.c:41:5: warning: braces around scalar initializer
     {0}, {0}, {0}, 0, WIFI_CONFIG_INVALID, 0, 0, UNKNOWN, {0, 0, {0, 0}, 0}
     ^
../../../device/hisilicon/hispark_pegasus/hi3861_adapter/hals/communication/wifi_lite/wifiservice/source/wifi_device.c:41:5: note: (near initialization for 'g_wifiConfigs[3].ssid[5]')
../../../device/hisilicon/hispark_pegasus/hi3861_adapter/hals/communication/wifi_lite/wifiservice/source/wifi_device.c:41:70: warning: excess elements in scalar initializer
     {0}, {0}, {0}, 0, WIFI_CONFIG_INVALID, 0, 0, UNKNOWN, {0, 0, {0, 0}, 0}
                                                                      ^
../../../device/hisilicon/hispark_pegasus/hi3861_adapter/hals/communication/wifi_lite/wifiservice/source/wifi_device.c:41:70: note: (near initialization for 'g_wifiConfigs[3].ssid[5]')
../../../device/hisilicon/hispark_pegasus/hi3861_adapter/hals/communication/wifi_lite/wifiservice/source/wifi_device.c:41:66: warning: excess elements in scalar initializer
     {0}, {0}, {0}, 0, WIFI_CONFIG_INVALID, 0, 0, UNKNOWN, {0, 0, {0, 0}, 0}
                                                                  ^
../../../device/hisilicon/hispark_pegasus/hi3861_adapter/hals/communication/wifi_lite/wifiservice/source/wifi_device.c:41:66: note: (near initialization for 'g_wifiConfigs[3].ssid[5]')
../../../device/hisilicon/hispark_pegasus/hi3861_adapter/hals/communication/wifi_lite/wifiservice/source/wifi_device.c:41:74: warning: excess elements in scalar initializer
     {0}, {0}, {0}, 0, WIFI_CONFIG_INVALID, 0, 0, UNKNOWN, {0, 0, {0, 0}, 0}
                                                                          ^
../../../device/hisilicon/hispark_pegasus/hi3861_adapter/hals/communication/wifi_lite/wifiservice/source/wifi_device.c:41:74: note: (near initialization for 'g_wifiConfigs[3].ssid[5]')
../../../device/hisilicon/hispark_pegasus/hi3861_adapter/hals/communication/wifi_lite/wifiservice/source/wifi_device.c:42:1: warning: missing initializer for field 'bssid' of 'WifiDeviceConfig {aka struct WifiDeviceConfig}' [-Wmissing-field-initializers]
 };
 ^
In file included from ../../../foundation/communication/wifi_lite/interfaces/wifiservice/wifi_linked_info.h:40:0,
                 from ../../../foundation/communication/wifi_lite/interfaces/wifiservice/wifi_event.h:41,
                 from ../../../foundation/communication/wifi_lite/interfaces/wifiservice/wifi_device.h:41,
                 from ../../../device/hisilicon/hispark_pegasus/hi3861_adapter/hals/communication/wifi_lite/wifiservice/source/wifi_device.c:16:
../../../foundation/communication/wifi_lite/interfaces/wifiservice/wifi_device_config.h:161:19: note: 'bssid' declared here
     unsigned char bssid[WIFI_MAC_LEN];
                   ^~~~~
../../../device/hisilicon/hispark_pegasus/hi3861_adapter/hals/communication/wifi_lite/wifiservice/source/wifi_device.c:40:63: warning: missing braces around initializer [-Wmissing-braces]
 static WifiDeviceConfig g_wifiConfigs[WIFI_MAX_CONFIG_SIZE] = {
                                                               ^
     {0}, {0}, {0}, 0, WIFI_CONFIG_INVALID, 0, 0, UNKNOWN, {0, 0, {0, 0}, 0}
      {}   {}   {}  {
                    {
 };
 }
 }
../../../device/hisilicon/hispark_pegasus/hi3861_adapter/hals/communication/wifi_lite/wifiservice/source/wifi_device.c: In function 'StaSetLocaladdr':
../../../device/hisilicon/hispark_pegasus/hi3861_adapter/hals/communication/wifi_lite/wifiservice/source/wifi_device.c:165:29: warning: passing argument 1 of 'netifapi_netif_set_addr' discards 'const' qualifier from pointer target type [-Wdiscarded-qualifiers]
     netifapi_netif_set_addr(netif, &st_ipaddr, &st_netmask, &st_gw);
                             ^~~~~
In file included from ../../../device/hisilicon/hispark_pegasus/hi3861_adapter/hals/communication/wifi_lite/wifiservice/source/wifi_device.c:23:0:
../../../device/hisilicon/hispark_pegasus/sdk_liteos/third_party/lwip_sack/include/lwip/netifapi.h:402:7: note: expected 'struct netif *' but argument is of type 'const struct netif *'
 err_t netifapi_netif_set_addr(struct netif *netif,
       ^~~~~~~~~~~~~~~~~~~~~~~
../../../device/hisilicon/hispark_pegasus/hi3861_adapter/hals/communication/wifi_lite/wifiservice/source/wifi_device.c: In function 'StaSetDNSServer':
../../../device/hisilicon/hispark_pegasus/hi3861_adapter/hals/communication/wifi_lite/wifiservice/source/wifi_device.c:178:9: warning: implicit declaration of function 'lwip_dns_setserver'; did you mean 'nd_ns_reserved'? [-Wimplicit-function-declaration]
         lwip_dns_setserver(i, &tmp_dns_ser[i]);
         ^~~~~~~~~~~~~~~~~~
         nd_ns_reserved
[112/213] gcc cross compiler obj/foundation/communication/softbus_lite/discovery/coap/source/libdiscovery.coap_adapter.o
[113/213] AR libs/libwifiservice.a
[114/213] gcc cross compiler obj/foundation/communication/softbus_lite/discovery/coap/source/libdiscovery.coap_socket.o
[115/213] AR libs/libcmsis.a
[116/213] STAMP obj/device/hisilicon/hispark_pegasus/hi3861_adapter/hals/communication/wifi_lite/wifiservice/wifiservice_ndk.stamp
[117/213] gcc cross compiler obj/device/hisilicon/hispark_pegasus/hi3861_adapter/kal/posix/src/libposix.libc.o
[118/213] gcc cross compiler obj/foundation/communication/softbus_lite/discovery/coap/source/libdiscovery.coap_discover.o
[119/213] gcc cross compiler obj/third_party/cJSON/libcjson_static.cJSON.o
[120/213] gcc cross compiler obj/device/hisilicon/hispark_pegasus/hi3861_adapter/kal/posix/src/libposix.pthread_attr.o
[121/213] AR libs/libcjson_static.a
[122/213] gcc cross compiler obj/device/hisilicon/hispark_pegasus/hi3861_adapter/kal/posix/src/libposix.pthread.o
[123/213] STAMP obj/build/lite/config/component/cJSON/cjson_ndk.stamp
[124/213] gcc cross compiler obj/device/hisilicon/hispark_pegasus/hi3861_adapter/kal/posix/src/libposix.time.o
[125/213] gcc cross compiler obj/foundation/communication/softbus_lite/discovery/coap/source/libdiscovery.nstackx_common.o
[126/213] AR libs/libposix.a
[127/213] STAMP obj/device/hisilicon/hispark_pegasus/hi3861_adapter/kal/kal.stamp
[128/213] STAMP obj/device/hisilicon/hispark_pegasus/sdk_liteos/sdk.stamp
[129/213] STAMP obj/device/hisilicon/hispark_pegasus/sdk_liteos/wifiiot_sdk.stamp
[130/213] gcc cross compiler obj/foundation/communication/softbus_lite/discovery/coap/source/libdiscovery.json_payload.o
[131/213] gcc cross compiler obj/foundation/communication/softbus_lite/authmanager/source/libauthmanager.bus_manager.o
[132/213] gcc cross compiler obj/foundation/communication/softbus_lite/authmanager/source/libauthmanager.msg_get_deviceid.o
[133/213] gcc cross compiler obj/foundation/communication/softbus_lite/discovery/coap/source/libdiscovery.nstackx_device.o
[134/213] STAMP obj/foundation/communication/wifi_lite/wifi.stamp
[135/213] COPY ../../../foundation/distributedschedule/samgr_lite/config/system_capability.json obj/foundation/distributedschedule/samgr_lite/config/system_capability.json
[136/213] gcc cross compiler obj/foundation/communication/softbus_lite/authmanager/source/libauthmanager.wifi_auth_manager.o
[137/213] gcc cross compiler obj/foundation/distributedschedule/samgr_lite/samgr/registry/libsamgr.service_registry.o
[138/213] STAMP obj/foundation/distributedschedule/samgr_lite/ConfigFiles.stamp
[139/213] gcc cross compiler obj/foundation/communication/softbus_lite/authmanager/source/libauthmanager.auth_conn.o
[140/213] gcc cross compiler obj/foundation/communication/softbus_lite/authmanager/source/libauthmanager.auth_interface.o
[141/213] AR libs/libauthmanager.a
[142/213] gcc cross compiler obj/foundation/communication/softbus_lite/os_adapter/source/L0/libdiscovery.os_adapter.o
[143/213] gcc cross compiler obj/foundation/communication/softbus_lite/trans_service/source/libdistbus/libtrans_service.tcp_session.o
[144/213] gcc cross compiler obj/foundation/communication/softbus_lite/trans_service/source/libdistbus/libtrans_service.auth_conn_manager.o
[145/213] gcc cross compiler obj/foundation/communication/softbus_lite/discovery/discovery_service/source/libdiscovery.discovery_service.o
[146/213] gcc cross compiler obj/foundation/communication/softbus_lite/trans_service/source/libdistbus/libtrans_service.trans_lock.o
[147/213] AR libs/libdiscovery.a
[148/213] gcc cross compiler obj/foundation/communication/softbus_lite/trans_service/source/utils/libtrans_service.message.o
[149/213] STAMP obj/foundation/communication/softbus_lite/discovery_ndk.stamp
[150/213] gcc cross compiler obj/foundation/distributedschedule/samgr_lite/samgr/source/libsamgr.samgr_lite.o
[151/213] gcc cross compiler obj/foundation/distributedschedule/samgr_lite/samgr/adapter/cmsis/libsamgr_adapter.memory_adapter.o
cc1: warning: ../../../kernel/liteos_m/kal/posix/include/malloc.h: not a directory
[152/213] gcc cross compiler obj/foundation/distributedschedule/samgr_lite/samgr/adapter/cmsis/libsamgr_adapter.queue_adapter.o
cc1: warning: ../../../kernel/liteos_m/kal/posix/include/malloc.h: not a directory
[153/213] gcc cross compiler obj/foundation/communication/softbus_lite/trans_service/source/utils/libtrans_service.aes_gcm.o
[154/213] gcc cross compiler obj/foundation/communication/softbus_lite/trans_service/source/utils/libtrans_service.tcp_socket.o
[155/213] gcc cross compiler obj/foundation/distributedschedule/samgr_lite/samgr/adapter/cmsis/libsamgr_adapter.thread_adapter.o
cc1: warning: ../../../kernel/liteos_m/kal/posix/include/malloc.h: not a directory
[156/213] gcc cross compiler obj/foundation/distributedschedule/samgr_lite/samgr/adapter/cmsis/libsamgr_adapter.time_adapter.o
cc1: warning: ../../../kernel/liteos_m/kal/posix/include/malloc.h: not a directory
[157/213] AR libs/libsamgr_adapter.a
[158/213] gcc cross compiler obj/foundation/distributedschedule/samgr_lite/communication/broadcast/source/libbroadcast.broadcast_service.o
[159/213] gcc cross compiler obj/foundation/communication/wifi_aware/frameworks/source/libwifiaware.wifiaware.o
[160/213] gcc cross compiler obj/foundation/distributedschedule/samgr_lite/communication/broadcast/source/libbroadcast.pub_sub_feature.o
[161/213] gcc cross compiler obj/foundation/distributedschedule/samgr_lite/samgr/source/libsamgr_source.common.o
[162/213] AR libs/libwifiaware.a
[163/213] gcc cross compiler obj/foundation/communication/softbus_lite/trans_service/source/libdistbus/libtrans_service.tcp_session_manager.o
[164/213] AR libs/libtrans_service.a
[165/213] STAMP obj/foundation/communication/softbus_lite/softbus.stamp
[166/213] gcc cross compiler obj/foundation/distributedschedule/samgr_lite/samgr/source/libsamgr_source.feature.o
[167/213] STAMP obj/foundation/communication/softbus_lite/trans_service_ndk.stamp
[168/213] gcc cross compiler obj/foundation/distributedschedule/samgr_lite/samgr/source/libsamgr_source.iunknown.o
[169/213] STAMP obj/foundation/communication/softbus_lite/softbus_lite_ndk.stamp
[170/213] STAMP obj/test/xts/acts/build_lite/acts_component.stamp
[171/213] STAMP obj/test/xts/tools/lite/tools.stamp
[172/213] gcc cross compiler obj/foundation/distributedschedule/samgr_lite/communication/broadcast/source/libbroadcast.pub_sub_implement.o
[173/213] STAMP obj/vendor/hisilicon/hispark_pegasus/hispark_pegasus.stamp
[174/213] gcc cross compiler obj/foundation/distributedschedule/samgr_lite/samgr/source/libsamgr_source.message.o
[175/213] gcc cross compiler obj/foundation/distributedschedule/samgr_lite/samgr/source/libsamgr_source.service.o
[176/213] AR libs/libbroadcast.a
[177/213] gcc cross compiler obj/utils/native/lite/os_dump/libdump_static.dump_syspara.o
In file included from ../../../utils/native/lite/os_dump/dump_syspara.c:16:0:
../../../utils/native/lite/os_dump/dump_syspara.h:21:5: warning: function declaration isn't a prototype [-Wstrict-prototypes]
     char *(*getInfoValue)();
     ^~~~
../../../utils/native/lite/os_dump/dump_syspara.h:24:1: warning: function declaration isn't a prototype [-Wstrict-prototypes]
 int QuerySysparaCmd();
 ^~~
../../../utils/native/lite/os_dump/dump_syspara.c:50:5: warning: function declaration isn't a prototype [-Wstrict-prototypes]
 int QuerySysparaCmd()
     ^~~~~~~~~~~~~~~
[178/213] gcc cross compiler obj/foundation/distributedschedule/samgr_lite/samgr/source/libsamgr_source.task_manager.o
[179/213] AR libs/libsamgr_source.a
[180/213] AR libs/libsamgr.a
[181/213] STAMP obj/foundation/distributedschedule/samgr_lite/samgr.stamp
[182/213] STAMP obj/foundation/distributedschedule/samgr_lite/samgr_lite_ndk.stamp
[183/213] gcc cross compiler obj/utils/native/lite/file/src/file_impl_hal/libnative_file.file.o
[184/213] AR libs/libnative_file.a
[185/213] STAMP obj/utils/native/lite/file/file.stamp
[186/213] gcc cross compiler obj/vendor/hisilicon/hispark_pegasus/hals/utils/token/libhal_token_static.hal_token.o
[187/213] gcc cross compiler obj/utils/native/lite/kv_store/src/kvstore_impl_hal/libutils_kv_store.kv_store.o
[188/213] AR libs/libhal_token_static.a
[189/213] gcc cross compiler obj/utils/native/lite/kv_store/src/kvstore_common/libutils_kv_store.kvstore_common.o
[190/213] AR libs/libtoken_static.a
[191/213] STAMP obj/base/startup/syspara_lite/frameworks/token/token.stamp
[192/213] AR libs/libutils_kv_store.a
[193/213] STAMP obj/utils/native/lite/kv_store/kv_store.stamp
[194/213] gcc cross compiler obj/vendor/hisilicon/hispark_pegasus/hals/utils/sys_param/libhal_sysparam.hal_sys_param.o
[195/213] AR libs/libhal_sysparam.a
[196/213] AR libs/libsysparam.a
[197/213] AR libs/libdump_static.a
[198/213] AR libs/libhota.a
[199/213] STAMP obj/base/startup/syspara_lite/frameworks/parameter/parameter_notes.stamp
[200/213] STAMP obj/utils/native/lite/os_dump/utils_os_dump.stamp
[201/213] STAMP obj/base/startup/syspara_lite/frameworks/parameter/parameter.stamp
[202/213] STAMP obj/base/update/ota_lite/frameworks/ota_lite.stamp
[203/213] ACTION //test/xts/acts/build_lite:acts_xdevice(//build/lite/toolchain:riscv32-unknown-elf)
running install
running bdist_egg
running egg_info
writing src/xdevice.egg-info/PKG-INFO
writing dependency_links to src/xdevice.egg-info/dependency_links.txt
writing entry points to src/xdevice.egg-info/entry_points.txt
writing top-level names to src/xdevice.egg-info/top_level.txt
reading manifest file 'src/xdevice.egg-info/SOURCES.txt'
writing manifest file 'src/xdevice.egg-info/SOURCES.txt'
installing library code to build/bdist.linux-x86_64/egg
running install_lib
running build_py
creating build/bdist.linux-x86_64/egg
creating build/bdist.linux-x86_64/egg/xdevice
copying build/lib/xdevice/__main__.py -> build/bdist.linux-x86_64/egg/xdevice
creating build/bdist.linux-x86_64/egg/xdevice/_core
creating build/bdist.linux-x86_64/egg/xdevice/_core/testkit
copying build/lib/xdevice/_core/testkit/kit_lite.py -> build/bdist.linux-x86_64/egg/xdevice/_core/testkit
copying build/lib/xdevice/_core/testkit/json_parser.py -> build/bdist.linux-x86_64/egg/xdevice/_core/testkit
copying build/lib/xdevice/_core/testkit/__init__.py -> build/bdist.linux-x86_64/egg/xdevice/_core/testkit
creating build/bdist.linux-x86_64/egg/xdevice/_core/resource
creating build/bdist.linux-x86_64/egg/xdevice/_core/resource/template
copying build/lib/xdevice/_core/resource/template/report.html -> build/bdist.linux-x86_64/egg/xdevice/_core/resource/template
creating build/bdist.linux-x86_64/egg/xdevice/_core/resource/config
copying build/lib/xdevice/_core/resource/config/user_config.xml -> build/bdist.linux-x86_64/egg/xdevice/_core/resource/config
copying build/lib/xdevice/_core/plugin.py -> build/bdist.linux-x86_64/egg/xdevice/_core
copying build/lib/xdevice/_core/utils.py -> build/bdist.linux-x86_64/egg/xdevice/_core
copying build/lib/xdevice/_core/logger.py -> build/bdist.linux-x86_64/egg/xdevice/_core
copying build/lib/xdevice/_core/interface.py -> build/bdist.linux-x86_64/egg/xdevice/_core
creating build/bdist.linux-x86_64/egg/xdevice/_core/driver
copying build/lib/xdevice/_core/driver/parser_lite.py -> build/bdist.linux-x86_64/egg/xdevice/_core/driver
copying build/lib/xdevice/_core/driver/drivers_lite.py -> build/bdist.linux-x86_64/egg/xdevice/_core/driver
copying build/lib/xdevice/_core/driver/device_test.py -> build/bdist.linux-x86_64/egg/xdevice/_core/driver
copying build/lib/xdevice/_core/driver/__init__.py -> build/bdist.linux-x86_64/egg/xdevice/_core/driver
creating build/bdist.linux-x86_64/egg/xdevice/_core/report
copying build/lib/xdevice/_core/report/result_reporter.py -> build/bdist.linux-x86_64/egg/xdevice/_core/report
copying build/lib/xdevice/_core/report/__main__.py -> build/bdist.linux-x86_64/egg/xdevice/_core/report
copying build/lib/xdevice/_core/report/reporter_helper.py -> build/bdist.linux-x86_64/egg/xdevice/_core/report
copying build/lib/xdevice/_core/report/encrypt.py -> build/bdist.linux-x86_64/egg/xdevice/_core/report
copying build/lib/xdevice/_core/report/suite_reporter.py -> build/bdist.linux-x86_64/egg/xdevice/_core/report
copying build/lib/xdevice/_core/report/__init__.py -> build/bdist.linux-x86_64/egg/xdevice/_core/report
creating build/bdist.linux-x86_64/egg/xdevice/_core/environment
copying build/lib/xdevice/_core/environment/dmlib_lite.py -> build/bdist.linux-x86_64/egg/xdevice/_core/environment
copying build/lib/xdevice/_core/environment/manager_env.py -> build/bdist.linux-x86_64/egg/xdevice/_core/environment
copying build/lib/xdevice/_core/environment/manager_lite.py -> build/bdist.linux-x86_64/egg/xdevice/_core/environment
copying build/lib/xdevice/_core/environment/device_lite.py -> build/bdist.linux-x86_64/egg/xdevice/_core/environment
copying build/lib/xdevice/_core/environment/__init__.py -> build/bdist.linux-x86_64/egg/xdevice/_core/environment
copying build/lib/xdevice/_core/common.py -> build/bdist.linux-x86_64/egg/xdevice/_core
creating build/bdist.linux-x86_64/egg/xdevice/_core/command
copying build/lib/xdevice/_core/command/console.py -> build/bdist.linux-x86_64/egg/xdevice/_core/command
copying build/lib/xdevice/_core/command/__init__.py -> build/bdist.linux-x86_64/egg/xdevice/_core/command
creating build/bdist.linux-x86_64/egg/xdevice/_core/executor
copying build/lib/xdevice/_core/executor/request.py -> build/bdist.linux-x86_64/egg/xdevice/_core/executor
copying build/lib/xdevice/_core/executor/listener.py -> build/bdist.linux-x86_64/egg/xdevice/_core/executor
copying build/lib/xdevice/_core/executor/concurrent.py -> build/bdist.linux-x86_64/egg/xdevice/_core/executor
copying build/lib/xdevice/_core/executor/scheduler.py -> build/bdist.linux-x86_64/egg/xdevice/_core/executor
copying build/lib/xdevice/_core/executor/source.py -> build/bdist.linux-x86_64/egg/xdevice/_core/executor
copying build/lib/xdevice/_core/executor/__init__.py -> build/bdist.linux-x86_64/egg/xdevice/_core/executor
copying build/lib/xdevice/_core/exception.py -> build/bdist.linux-x86_64/egg/xdevice/_core
creating build/bdist.linux-x86_64/egg/xdevice/_core/config
copying build/lib/xdevice/_core/config/config_manager.py -> build/bdist.linux-x86_64/egg/xdevice/_core/config
copying build/lib/xdevice/_core/config/resource_manager.py -> build/bdist.linux-x86_64/egg/xdevice/_core/config
copying build/lib/xdevice/_core/config/__init__.py -> build/bdist.linux-x86_64/egg/xdevice/_core/config
copying build/lib/xdevice/_core/constants.py -> build/bdist.linux-x86_64/egg/xdevice/_core
copying build/lib/xdevice/_core/__init__.py -> build/bdist.linux-x86_64/egg/xdevice/_core
creating build/bdist.linux-x86_64/egg/xdevice/_core/build
copying build/lib/xdevice/_core/build/__init__.py -> build/bdist.linux-x86_64/egg/xdevice/_core/build
copying build/lib/xdevice/variables.py -> build/bdist.linux-x86_64/egg/xdevice
copying build/lib/xdevice/__init__.py -> build/bdist.linux-x86_64/egg/xdevice
byte-compiling build/bdist.linux-x86_64/egg/xdevice/__main__.py to __main__.cpython-38.pyc
byte-compiling build/bdist.linux-x86_64/egg/xdevice/_core/testkit/kit_lite.py to kit_lite.cpython-38.pyc
byte-compiling build/bdist.linux-x86_64/egg/xdevice/_core/testkit/json_parser.py to json_parser.cpython-38.pyc
byte-compiling build/bdist.linux-x86_64/egg/xdevice/_core/testkit/__init__.py to __init__.cpython-38.pyc
byte-compiling build/bdist.linux-x86_64/egg/xdevice/_core/plugin.py to plugin.cpython-38.pyc
byte-compiling build/bdist.linux-x86_64/egg/xdevice/_core/utils.py to utils.cpython-38.pyc
byte-compiling build/bdist.linux-x86_64/egg/xdevice/_core/logger.py to logger.cpython-38.pyc
byte-compiling build/bdist.linux-x86_64/egg/xdevice/_core/interface.py to interface.cpython-38.pyc
byte-compiling build/bdist.linux-x86_64/egg/xdevice/_core/driver/parser_lite.py to parser_lite.cpython-38.pyc
byte-compiling build/bdist.linux-x86_64/egg/xdevice/_core/driver/drivers_lite.py to drivers_lite.cpython-38.pyc
byte-compiling build/bdist.linux-x86_64/egg/xdevice/_core/driver/device_test.py to device_test.cpython-38.pyc
byte-compiling build/bdist.linux-x86_64/egg/xdevice/_core/driver/__init__.py to __init__.cpython-38.pyc
byte-compiling build/bdist.linux-x86_64/egg/xdevice/_core/report/result_reporter.py to result_reporter.cpython-38.pyc
byte-compiling build/bdist.linux-x86_64/egg/xdevice/_core/report/__main__.py to __main__.cpython-38.pyc
byte-compiling build/bdist.linux-x86_64/egg/xdevice/_core/report/reporter_helper.py to reporter_helper.cpython-38.pyc
byte-compiling build/bdist.linux-x86_64/egg/xdevice/_core/report/encrypt.py to encrypt.cpython-38.pyc
byte-compiling build/bdist.linux-x86_64/egg/xdevice/_core/report/suite_reporter.py to suite_reporter.cpython-38.pyc
byte-compiling build/bdist.linux-x86_64/egg/xdevice/_core/report/__init__.py to __init__.cpython-38.pyc
byte-compiling build/bdist.linux-x86_64/egg/xdevice/_core/environment/dmlib_lite.py to dmlib_lite.cpython-38.pyc
byte-compiling build/bdist.linux-x86_64/egg/xdevice/_core/environment/manager_env.py to manager_env.cpython-38.pyc
byte-compiling build/bdist.linux-x86_64/egg/xdevice/_core/environment/manager_lite.py to manager_lite.cpython-38.pyc
byte-compiling build/bdist.linux-x86_64/egg/xdevice/_core/environment/device_lite.py to device_lite.cpython-38.pyc
byte-compiling build/bdist.linux-x86_64/egg/xdevice/_core/environment/__init__.py to __init__.cpython-38.pyc
byte-compiling build/bdist.linux-x86_64/egg/xdevice/_core/common.py to common.cpython-38.pyc
byte-compiling build/bdist.linux-x86_64/egg/xdevice/_core/command/console.py to console.cpython-38.pyc
byte-compiling build/bdist.linux-x86_64/egg/xdevice/_core/command/__init__.py to __init__.cpython-38.pyc
byte-compiling build/bdist.linux-x86_64/egg/xdevice/_core/executor/request.py to request.cpython-38.pyc
byte-compiling build/bdist.linux-x86_64/egg/xdevice/_core/executor/listener.py to listener.cpython-38.pyc
byte-compiling build/bdist.linux-x86_64/egg/xdevice/_core/executor/concurrent.py to concurrent.cpython-38.pyc
byte-compiling build/bdist.linux-x86_64/egg/xdevice/_core/executor/scheduler.py to scheduler.cpython-38.pyc
byte-compiling build/bdist.linux-x86_64/egg/xdevice/_core/executor/source.py to source.cpython-38.pyc
byte-compiling build/bdist.linux-x86_64/egg/xdevice/_core/executor/__init__.py to __init__.cpython-38.pyc
byte-compiling build/bdist.linux-x86_64/egg/xdevice/_core/exception.py to exception.cpython-38.pyc
byte-compiling build/bdist.linux-x86_64/egg/xdevice/_core/config/config_manager.py to config_manager.cpython-38.pyc
byte-compiling build/bdist.linux-x86_64/egg/xdevice/_core/config/resource_manager.py to resource_manager.cpython-38.pyc
byte-compiling build/bdist.linux-x86_64/egg/xdevice/_core/config/__init__.py to __init__.cpython-38.pyc
byte-compiling build/bdist.linux-x86_64/egg/xdevice/_core/constants.py to constants.cpython-38.pyc
byte-compiling build/bdist.linux-x86_64/egg/xdevice/_core/__init__.py to __init__.cpython-38.pyc
byte-compiling build/bdist.linux-x86_64/egg/xdevice/_core/build/__init__.py to __init__.cpython-38.pyc
byte-compiling build/bdist.linux-x86_64/egg/xdevice/variables.py to variables.cpython-38.pyc
byte-compiling build/bdist.linux-x86_64/egg/xdevice/__init__.py to __init__.cpython-38.pyc
creating build/bdist.linux-x86_64/egg/EGG-INFO
copying src/xdevice.egg-info/PKG-INFO -> build/bdist.linux-x86_64/egg/EGG-INFO
copying src/xdevice.egg-info/SOURCES.txt -> build/bdist.linux-x86_64/egg/EGG-INFO
copying src/xdevice.egg-info/dependency_links.txt -> build/bdist.linux-x86_64/egg/EGG-INFO
copying src/xdevice.egg-info/entry_points.txt -> build/bdist.linux-x86_64/egg/EGG-INFO
copying src/xdevice.egg-info/not-zip-safe -> build/bdist.linux-x86_64/egg/EGG-INFO
copying src/xdevice.egg-info/top_level.txt -> build/bdist.linux-x86_64/egg/EGG-INFO
creating 'dist/xdevice-0.0.0-py3.8.egg' and adding 'build/bdist.linux-x86_64/egg' to it
removing 'build/bdist.linux-x86_64/egg' (and everything under it)
Processing xdevice-0.0.0-py3.8.egg
removing '/home/dragon/.local/lib/python3.8/site-packages/xdevice-0.0.0-py3.8.egg' (and everything under it)
creating /home/dragon/.local/lib/python3.8/site-packages/xdevice-0.0.0-py3.8.egg
Extracting xdevice-0.0.0-py3.8.egg to /home/dragon/.local/lib/python3.8/site-packages
xdevice 0.0.0 is already the active version in easy-install.pth
Installing xdevice script to /home/dragon/.local/bin
Installing xdevice_report script to /home/dragon/.local/bin

Installed /home/dragon/.local/lib/python3.8/site-packages/xdevice-0.0.0-py3.8.egg
Processing dependencies for xdevice==0.0.0
Finished processing dependencies for xdevice==0.0.0
[204/213] STAMP obj/test/xts/acts/build_lite/acts_xdevice.stamp
[205/213] ACTION //test/xts/acts/build_lite:acts_generate_module_data(//build/lite/toolchain:riscv32-unknown-elf)
[206/213] STAMP obj/test/xts/acts/build_lite/acts_generate_module_data.stamp
[207/213] ACTION //test/xts/acts/build_lite:acts(//build/lite/toolchain:riscv32-unknown-elf)
[208/213] STAMP obj/test/xts/acts/build_lite/acts.stamp
[209/213] STAMP obj/build/lite/ohos.stamp
[210/213] ACTION //build/lite:gen_rootfs(//build/lite/toolchain:riscv32-unknown-elf)
no need to make rootfs
[211/213] STAMP obj/build/lite/gen_rootfs.stamp
[212/213] ACTION //device/hisilicon/hispark_pegasus/sdk_liteos:run_wifiiot_scons(//build/lite/toolchain:riscv32-unknown-elf)
[213/213] STAMP obj/device/hisilicon/hispark_pegasus/sdk_liteos/run_wifiiot_scons.stamp
